<?xml version="1.0" encoding="UTF-8"?>
<robot generator="Robot 6.0.2 (Python 3.11.3 on darwin)" generated="20230614 16:44:02.099" rpa="false" schemaversion="3">
<suite id="s1" name="Api Testing Usuarios" source="/Users/josephsantos/Desktop/projetos/CursoUdemy/robotframework/ApiTesting/tests/api_testing_usuarios.robot">
<test id="s1-t1" name="Cenário 01: Cadastrar um novo usuário com sucesso na ServeRest" line="6">
<kw name="Criar um usuário novo" library="api_testing_usuarios">
<kw name="Generate Random String" library="String">
<var>${palavra_aleatoria}</var>
<arg>length=4</arg>
<arg>chars=[LETTERS]</arg>
<doc>Generates a string with a desired ``length`` from the given ``chars``.</doc>
<msg timestamp="20230614 16:44:02.145" level="INFO">${palavra_aleatoria} = PHPn</msg>
<status status="PASS" starttime="20230614 16:44:02.144" endtime="20230614 16:44:02.145"/>
</kw>
<kw name="Convert To Lower Case" library="String">
<var>${palavra_aleatoria}</var>
<arg>${palavra_aleatoria}</arg>
<doc>Converts string to lower case.</doc>
<msg timestamp="20230614 16:44:02.145" level="INFO">${palavra_aleatoria} = phpn</msg>
<status status="PASS" starttime="20230614 16:44:02.145" endtime="20230614 16:44:02.145"/>
</kw>
<kw name="Set Test Variable" library="BuiltIn">
<arg>${EMAIL_TESTE}</arg>
<arg>${palavra_aleatoria}@emailteste.com</arg>
<doc>Makes a variable available everywhere within the scope of the current test.</doc>
<msg timestamp="20230614 16:44:02.145" level="INFO">${EMAIL_TESTE} = phpn@emailteste.com</msg>
<status status="PASS" starttime="20230614 16:44:02.145" endtime="20230614 16:44:02.145"/>
</kw>
<kw name="Log" library="BuiltIn">
<arg>${EMAIL_TESTE}</arg>
<doc>Logs the given message with the given level.</doc>
<msg timestamp="20230614 16:44:02.145" level="INFO">phpn@emailteste.com</msg>
<status status="PASS" starttime="20230614 16:44:02.145" endtime="20230614 16:44:02.145"/>
</kw>
<status status="PASS" starttime="20230614 16:44:02.144" endtime="20230614 16:44:02.145"/>
</kw>
<kw name="Cadastrar o usuário criado na ServeRest" library="api_testing_usuarios">
<arg>email=${EMAIL_TESTE}</arg>
<arg>status_code_desejado=201</arg>
<kw name="Create Dictionary" library="BuiltIn">
<var>${body}</var>
<arg>nome=Fulano da Silva</arg>
<arg>email=${email}</arg>
<arg>password=1234</arg>
<arg>administrador=true</arg>
<doc>Creates and returns a dictionary based on the given ``items``.</doc>
<msg timestamp="20230614 16:44:02.146" level="INFO">${body} = {'nome': 'Fulano da Silva', 'email': 'phpn@emailteste.com', 'password': '1234', 'administrador': 'true'}</msg>
<status status="PASS" starttime="20230614 16:44:02.145" endtime="20230614 16:44:02.146"/>
</kw>
<kw name="Log" library="BuiltIn">
<arg>${body}</arg>
<doc>Logs the given message with the given level.</doc>
<msg timestamp="20230614 16:44:02.146" level="INFO">{'nome': 'Fulano da Silva', 'email': 'phpn@emailteste.com', 'password': '1234', 'administrador': 'true'}</msg>
<status status="PASS" starttime="20230614 16:44:02.146" endtime="20230614 16:44:02.146"/>
</kw>
<kw name="Criar Sessão na ServeRest" library="api_testing_usuarios">
<kw name="Create Dictionary" library="BuiltIn">
<var>${headers}</var>
<arg>accept=application/json</arg>
<arg>Content-Type=application/json</arg>
<doc>Creates and returns a dictionary based on the given ``items``.</doc>
<msg timestamp="20230614 16:44:02.146" level="INFO">${headers} = {'accept': 'application/json', 'Content-Type': 'application/json'}</msg>
<status status="PASS" starttime="20230614 16:44:02.146" endtime="20230614 16:44:02.146"/>
</kw>
<kw name="Create Session" library="RequestsLibrary">
<arg>alias=ServeRest</arg>
<arg>url=https://serverest.dev</arg>
<arg>headers=${headers}</arg>
<doc>Create Session: create a HTTP session to a server</doc>
<msg timestamp="20230614 16:44:02.146" level="INFO">Creating Session using : alias=ServeRest, url=https://serverest.dev, headers={'accept': 'application/json', 'Content-Type': 'application/json'},                     cookies={}, auth=None, timeout=None, proxies=None, verify=False,                     debug=0 </msg>
<status status="PASS" starttime="20230614 16:44:02.146" endtime="20230614 16:44:02.146"/>
</kw>
<status status="PASS" starttime="20230614 16:44:02.146" endtime="20230614 16:44:02.146"/>
</kw>
<kw name="POST On Session" library="RequestsLibrary">
<var>${resposta}</var>
<arg>alias=ServeRest</arg>
<arg>url=/usuarios</arg>
<arg>json=${body}</arg>
<arg>expected_status=${status_code_desejado}</arg>
<doc>Sends a POST request on a previously created HTTP Session.</doc>
<msg timestamp="20230614 16:44:02.552" level="INFO">POST Request : url=https://serverest.dev/usuarios 
 path_url=/usuarios 
 headers={'User-Agent': 'python-requests/2.30.0', 'Accept-Encoding': 'gzip, deflate', 'accept': 'application/json', 'Connection': 'keep-alive', 'Content-Type': 'application/json', 'Content-Length': '104'} 
 body=b'{"nome": "Fulano da Silva", "email": "phpn@emailteste.com", "password": "1234", "administrador": "true"}' 
 </msg>
<msg timestamp="20230614 16:44:02.553" level="INFO">POST Response : url=https://serverest.dev/usuarios 
 status=201, reason=Created 
 headers={'access-control-allow-origin': '*', 'x-dns-prefetch-control': 'off', 'x-frame-options': 'SAMEORIGIN', 'strict-transport-security': 'max-age=15552000; includeSubDomains', 'x-download-options': 'noopen', 'x-content-type-options': 'nosniff', 'x-xss-protection': '1; mode=block', 'x-moesif-transaction-id': 'd2e7a197-0da8-4844-bc6a-12ceaa19c7cd', 'content-type': 'application/json; charset=utf-8', 'X-Cloud-Trace-Context': 'e75e3a3bcdb5bff994f318830319c3f3', 'Date': 'Wed, 14 Jun 2023 15:44:02 GMT', 'Server': 'Google Frontend', 'Content-Length': '82'} 
 body={
    "message": "Cadastro realizado com sucesso",
    "_id": "fgy0urMmv3p1IkHN"
} 
 </msg>
<msg timestamp="20230614 16:44:02.553" level="INFO">/Library/Frameworks/Python.framework/Versions/3.11/lib/python3.11/site-packages/urllib3/connectionpool.py:1095: InsecureRequestWarning: Unverified HTTPS request is being made to host 'serverest.dev'. Adding certificate verification is strongly advised. See: https://urllib3.readthedocs.io/en/latest/advanced-usage.html#tls-warnings
  warnings.warn(</msg>
<msg timestamp="20230614 16:44:02.553" level="INFO">${resposta} = &lt;Response [201]&gt;</msg>
<status status="PASS" starttime="20230614 16:44:02.146" endtime="20230614 16:44:02.553"/>
</kw>
<kw name="Log" library="BuiltIn">
<arg>${resposta.json()}</arg>
<doc>Logs the given message with the given level.</doc>
<msg timestamp="20230614 16:44:02.555" level="INFO">{'message': 'Cadastro realizado com sucesso', '_id': 'fgy0urMmv3p1IkHN'}</msg>
<status status="PASS" starttime="20230614 16:44:02.553" endtime="20230614 16:44:02.555"/>
</kw>
<if>
<branch type="IF" condition="${resposta.status_code} == 201">
<kw name="Set Test Variable" library="BuiltIn">
<arg>${ID_USUARIO}</arg>
<arg>${resposta.json()["_id"]}</arg>
<doc>Makes a variable available everywhere within the scope of the current test.</doc>
<msg timestamp="20230614 16:44:02.557" level="INFO">${ID_USUARIO} = fgy0urMmv3p1IkHN</msg>
<status status="PASS" starttime="20230614 16:44:02.555" endtime="20230614 16:44:02.557"/>
</kw>
<status status="PASS" starttime="20230614 16:44:02.555" endtime="20230614 16:44:02.557"/>
</branch>
<status status="PASS" starttime="20230614 16:44:02.555" endtime="20230614 16:44:02.557"/>
</if>
<kw name="Set Test Variable" library="BuiltIn">
<arg>${RESPOSTA}</arg>
<arg>${resposta.json()}</arg>
<doc>Makes a variable available everywhere within the scope of the current test.</doc>
<msg timestamp="20230614 16:44:02.557" level="INFO">${RESPOSTA} = {'message': 'Cadastro realizado com sucesso', '_id': 'fgy0urMmv3p1IkHN'}</msg>
<status status="PASS" starttime="20230614 16:44:02.557" endtime="20230614 16:44:02.558"/>
</kw>
<status status="PASS" starttime="20230614 16:44:02.145" endtime="20230614 16:44:02.558"/>
</kw>
<kw name="Conferir se o usuário foi cadastrado corretamente" library="api_testing_usuarios">
<kw name="Log" library="BuiltIn">
<arg>${RESPOSTA}</arg>
<doc>Logs the given message with the given level.</doc>
<msg timestamp="20230614 16:44:02.558" level="INFO">{'message': 'Cadastro realizado com sucesso', '_id': 'fgy0urMmv3p1IkHN'}</msg>
<status status="PASS" starttime="20230614 16:44:02.558" endtime="20230614 16:44:02.559"/>
</kw>
<kw name="Dictionary Should Contain Item" library="Collections">
<arg>${RESPOSTA}</arg>
<arg>message</arg>
<arg>Cadastro realizado com sucesso</arg>
<doc>An item of ``key`` / ``value`` must be found in a ``dictionary``.</doc>
<status status="PASS" starttime="20230614 16:44:02.559" endtime="20230614 16:44:02.559"/>
</kw>
<kw name="Dictionary Should Contain Key" library="Collections">
<arg>${RESPOSTA}</arg>
<arg>_id</arg>
<doc>Fails if ``key`` is not found from ``dictionary``.</doc>
<status status="PASS" starttime="20230614 16:44:02.559" endtime="20230614 16:44:02.559"/>
</kw>
<status status="PASS" starttime="20230614 16:44:02.558" endtime="20230614 16:44:02.559"/>
</kw>
<status status="PASS" starttime="20230614 16:44:02.144" endtime="20230614 16:44:02.559"/>
</test>
<test id="s1-t2" name="Cenário 02: Cadastrar um usuário já existente" line="11">
<kw name="Criar um usuário novo" library="api_testing_usuarios">
<kw name="Generate Random String" library="String">
<var>${palavra_aleatoria}</var>
<arg>length=4</arg>
<arg>chars=[LETTERS]</arg>
<doc>Generates a string with a desired ``length`` from the given ``chars``.</doc>
<msg timestamp="20230614 16:44:02.561" level="INFO">${palavra_aleatoria} = PtDR</msg>
<status status="PASS" starttime="20230614 16:44:02.561" endtime="20230614 16:44:02.561"/>
</kw>
<kw name="Convert To Lower Case" library="String">
<var>${palavra_aleatoria}</var>
<arg>${palavra_aleatoria}</arg>
<doc>Converts string to lower case.</doc>
<msg timestamp="20230614 16:44:02.562" level="INFO">${palavra_aleatoria} = ptdr</msg>
<status status="PASS" starttime="20230614 16:44:02.561" endtime="20230614 16:44:02.562"/>
</kw>
<kw name="Set Test Variable" library="BuiltIn">
<arg>${EMAIL_TESTE}</arg>
<arg>${palavra_aleatoria}@emailteste.com</arg>
<doc>Makes a variable available everywhere within the scope of the current test.</doc>
<msg timestamp="20230614 16:44:02.563" level="INFO">${EMAIL_TESTE} = ptdr@emailteste.com</msg>
<status status="PASS" starttime="20230614 16:44:02.562" endtime="20230614 16:44:02.563"/>
</kw>
<kw name="Log" library="BuiltIn">
<arg>${EMAIL_TESTE}</arg>
<doc>Logs the given message with the given level.</doc>
<msg timestamp="20230614 16:44:02.563" level="INFO">ptdr@emailteste.com</msg>
<status status="PASS" starttime="20230614 16:44:02.563" endtime="20230614 16:44:02.563"/>
</kw>
<status status="PASS" starttime="20230614 16:44:02.561" endtime="20230614 16:44:02.563"/>
</kw>
<kw name="Cadastrar o usuário criado na ServeRest" library="api_testing_usuarios">
<arg>email=${EMAIL_TESTE}</arg>
<arg>status_code_desejado=201</arg>
<kw name="Create Dictionary" library="BuiltIn">
<var>${body}</var>
<arg>nome=Fulano da Silva</arg>
<arg>email=${email}</arg>
<arg>password=1234</arg>
<arg>administrador=true</arg>
<doc>Creates and returns a dictionary based on the given ``items``.</doc>
<msg timestamp="20230614 16:44:02.564" level="INFO">${body} = {'nome': 'Fulano da Silva', 'email': 'ptdr@emailteste.com', 'password': '1234', 'administrador': 'true'}</msg>
<status status="PASS" starttime="20230614 16:44:02.564" endtime="20230614 16:44:02.564"/>
</kw>
<kw name="Log" library="BuiltIn">
<arg>${body}</arg>
<doc>Logs the given message with the given level.</doc>
<msg timestamp="20230614 16:44:02.564" level="INFO">{'nome': 'Fulano da Silva', 'email': 'ptdr@emailteste.com', 'password': '1234', 'administrador': 'true'}</msg>
<status status="PASS" starttime="20230614 16:44:02.564" endtime="20230614 16:44:02.564"/>
</kw>
<kw name="Criar Sessão na ServeRest" library="api_testing_usuarios">
<kw name="Create Dictionary" library="BuiltIn">
<var>${headers}</var>
<arg>accept=application/json</arg>
<arg>Content-Type=application/json</arg>
<doc>Creates and returns a dictionary based on the given ``items``.</doc>
<msg timestamp="20230614 16:44:02.565" level="INFO">${headers} = {'accept': 'application/json', 'Content-Type': 'application/json'}</msg>
<status status="PASS" starttime="20230614 16:44:02.565" endtime="20230614 16:44:02.565"/>
</kw>
<kw name="Create Session" library="RequestsLibrary">
<arg>alias=ServeRest</arg>
<arg>url=https://serverest.dev</arg>
<arg>headers=${headers}</arg>
<doc>Create Session: create a HTTP session to a server</doc>
<msg timestamp="20230614 16:44:02.565" level="INFO">Creating Session using : alias=ServeRest, url=https://serverest.dev, headers={'accept': 'application/json', 'Content-Type': 'application/json'},                     cookies={}, auth=None, timeout=None, proxies=None, verify=False,                     debug=0 </msg>
<status status="PASS" starttime="20230614 16:44:02.565" endtime="20230614 16:44:02.566"/>
</kw>
<status status="PASS" starttime="20230614 16:44:02.565" endtime="20230614 16:44:02.566"/>
</kw>
<kw name="POST On Session" library="RequestsLibrary">
<var>${resposta}</var>
<arg>alias=ServeRest</arg>
<arg>url=/usuarios</arg>
<arg>json=${body}</arg>
<arg>expected_status=${status_code_desejado}</arg>
<doc>Sends a POST request on a previously created HTTP Session.</doc>
<msg timestamp="20230614 16:44:02.808" level="INFO">POST Request : url=https://serverest.dev/usuarios 
 path_url=/usuarios 
 headers={'User-Agent': 'python-requests/2.30.0', 'Accept-Encoding': 'gzip, deflate', 'accept': 'application/json', 'Connection': 'keep-alive', 'Content-Type': 'application/json', 'Content-Length': '104'} 
 body=b'{"nome": "Fulano da Silva", "email": "ptdr@emailteste.com", "password": "1234", "administrador": "true"}' 
 </msg>
<msg timestamp="20230614 16:44:02.808" level="INFO">POST Response : url=https://serverest.dev/usuarios 
 status=201, reason=Created 
 headers={'access-control-allow-origin': '*', 'x-dns-prefetch-control': 'off', 'x-frame-options': 'SAMEORIGIN', 'strict-transport-security': 'max-age=15552000; includeSubDomains', 'x-download-options': 'noopen', 'x-content-type-options': 'nosniff', 'x-xss-protection': '1; mode=block', 'x-moesif-transaction-id': '629bf37f-fab9-4692-abec-685201dc8829', 'content-type': 'application/json; charset=utf-8', 'X-Cloud-Trace-Context': 'e48ac27e2cf26b0f98d05bdc2e3aaaa3', 'Date': 'Wed, 14 Jun 2023 15:44:02 GMT', 'Server': 'Google Frontend', 'Content-Length': '82'} 
 body={
    "message": "Cadastro realizado com sucesso",
    "_id": "SEYH9wihMf3PZwOv"
} 
 </msg>
<msg timestamp="20230614 16:44:02.808" level="INFO">/Library/Frameworks/Python.framework/Versions/3.11/lib/python3.11/site-packages/urllib3/connectionpool.py:1095: InsecureRequestWarning: Unverified HTTPS request is being made to host 'serverest.dev'. Adding certificate verification is strongly advised. See: https://urllib3.readthedocs.io/en/latest/advanced-usage.html#tls-warnings
  warnings.warn(</msg>
<msg timestamp="20230614 16:44:02.809" level="INFO">${resposta} = &lt;Response [201]&gt;</msg>
<status status="PASS" starttime="20230614 16:44:02.566" endtime="20230614 16:44:02.809"/>
</kw>
<kw name="Log" library="BuiltIn">
<arg>${resposta.json()}</arg>
<doc>Logs the given message with the given level.</doc>
<msg timestamp="20230614 16:44:02.811" level="INFO">{'message': 'Cadastro realizado com sucesso', '_id': 'SEYH9wihMf3PZwOv'}</msg>
<status status="PASS" starttime="20230614 16:44:02.809" endtime="20230614 16:44:02.811"/>
</kw>
<if>
<branch type="IF" condition="${resposta.status_code} == 201">
<kw name="Set Test Variable" library="BuiltIn">
<arg>${ID_USUARIO}</arg>
<arg>${resposta.json()["_id"]}</arg>
<doc>Makes a variable available everywhere within the scope of the current test.</doc>
<msg timestamp="20230614 16:44:02.813" level="INFO">${ID_USUARIO} = SEYH9wihMf3PZwOv</msg>
<status status="PASS" starttime="20230614 16:44:02.812" endtime="20230614 16:44:02.813"/>
</kw>
<status status="PASS" starttime="20230614 16:44:02.811" endtime="20230614 16:44:02.813"/>
</branch>
<status status="PASS" starttime="20230614 16:44:02.811" endtime="20230614 16:44:02.813"/>
</if>
<kw name="Set Test Variable" library="BuiltIn">
<arg>${RESPOSTA}</arg>
<arg>${resposta.json()}</arg>
<doc>Makes a variable available everywhere within the scope of the current test.</doc>
<msg timestamp="20230614 16:44:02.814" level="INFO">${RESPOSTA} = {'message': 'Cadastro realizado com sucesso', '_id': 'SEYH9wihMf3PZwOv'}</msg>
<status status="PASS" starttime="20230614 16:44:02.813" endtime="20230614 16:44:02.814"/>
</kw>
<status status="PASS" starttime="20230614 16:44:02.563" endtime="20230614 16:44:02.814"/>
</kw>
<kw name="Vou repetir o cadastro do usuário" library="api_testing_usuarios">
<kw name="Cadastrar o usuário criado na ServeRest" library="api_testing_usuarios">
<arg>email=${EMAIL_TESTE}</arg>
<arg>status_code_desejado=400</arg>
<kw name="Create Dictionary" library="BuiltIn">
<var>${body}</var>
<arg>nome=Fulano da Silva</arg>
<arg>email=${email}</arg>
<arg>password=1234</arg>
<arg>administrador=true</arg>
<doc>Creates and returns a dictionary based on the given ``items``.</doc>
<msg timestamp="20230614 16:44:02.815" level="INFO">${body} = {'nome': 'Fulano da Silva', 'email': 'ptdr@emailteste.com', 'password': '1234', 'administrador': 'true'}</msg>
<status status="PASS" starttime="20230614 16:44:02.815" endtime="20230614 16:44:02.815"/>
</kw>
<kw name="Log" library="BuiltIn">
<arg>${body}</arg>
<doc>Logs the given message with the given level.</doc>
<msg timestamp="20230614 16:44:02.815" level="INFO">{'nome': 'Fulano da Silva', 'email': 'ptdr@emailteste.com', 'password': '1234', 'administrador': 'true'}</msg>
<status status="PASS" starttime="20230614 16:44:02.815" endtime="20230614 16:44:02.816"/>
</kw>
<kw name="Criar Sessão na ServeRest" library="api_testing_usuarios">
<kw name="Create Dictionary" library="BuiltIn">
<var>${headers}</var>
<arg>accept=application/json</arg>
<arg>Content-Type=application/json</arg>
<doc>Creates and returns a dictionary based on the given ``items``.</doc>
<msg timestamp="20230614 16:44:02.816" level="INFO">${headers} = {'accept': 'application/json', 'Content-Type': 'application/json'}</msg>
<status status="PASS" starttime="20230614 16:44:02.816" endtime="20230614 16:44:02.816"/>
</kw>
<kw name="Create Session" library="RequestsLibrary">
<arg>alias=ServeRest</arg>
<arg>url=https://serverest.dev</arg>
<arg>headers=${headers}</arg>
<doc>Create Session: create a HTTP session to a server</doc>
<msg timestamp="20230614 16:44:02.816" level="INFO">Creating Session using : alias=ServeRest, url=https://serverest.dev, headers={'accept': 'application/json', 'Content-Type': 'application/json'},                     cookies={}, auth=None, timeout=None, proxies=None, verify=False,                     debug=0 </msg>
<status status="PASS" starttime="20230614 16:44:02.816" endtime="20230614 16:44:02.816"/>
</kw>
<status status="PASS" starttime="20230614 16:44:02.816" endtime="20230614 16:44:02.817"/>
</kw>
<kw name="POST On Session" library="RequestsLibrary">
<var>${resposta}</var>
<arg>alias=ServeRest</arg>
<arg>url=/usuarios</arg>
<arg>json=${body}</arg>
<arg>expected_status=${status_code_desejado}</arg>
<doc>Sends a POST request on a previously created HTTP Session.</doc>
<msg timestamp="20230614 16:44:03.055" level="INFO">POST Request : url=https://serverest.dev/usuarios 
 path_url=/usuarios 
 headers={'User-Agent': 'python-requests/2.30.0', 'Accept-Encoding': 'gzip, deflate', 'accept': 'application/json', 'Connection': 'keep-alive', 'Content-Type': 'application/json', 'Content-Length': '104'} 
 body=b'{"nome": "Fulano da Silva", "email": "ptdr@emailteste.com", "password": "1234", "administrador": "true"}' 
 </msg>
<msg timestamp="20230614 16:44:03.056" level="INFO">POST Response : url=https://serverest.dev/usuarios 
 status=400, reason=Bad Request 
 headers={'access-control-allow-origin': '*', 'x-dns-prefetch-control': 'off', 'x-frame-options': 'SAMEORIGIN', 'strict-transport-security': 'max-age=15552000; includeSubDomains', 'x-download-options': 'noopen', 'x-content-type-options': 'nosniff', 'x-xss-protection': '1; mode=block', 'x-moesif-transaction-id': '15b87826-8376-4ea0-8778-4c41c8e48bc5', 'content-type': 'application/json; charset=utf-8', 'X-Cloud-Trace-Context': '11e07cf86937229b845e19e4b09904d0', 'Date': 'Wed, 14 Jun 2023 15:44:03 GMT', 'Server': 'Google Frontend', 'Content-Length': '53'} 
 body={
    "message": "Este email já está sendo usado"
} 
 </msg>
<msg timestamp="20230614 16:44:03.056" level="INFO">/Library/Frameworks/Python.framework/Versions/3.11/lib/python3.11/site-packages/urllib3/connectionpool.py:1095: InsecureRequestWarning: Unverified HTTPS request is being made to host 'serverest.dev'. Adding certificate verification is strongly advised. See: https://urllib3.readthedocs.io/en/latest/advanced-usage.html#tls-warnings
  warnings.warn(</msg>
<msg timestamp="20230614 16:44:03.056" level="INFO">${resposta} = &lt;Response [400]&gt;</msg>
<status status="PASS" starttime="20230614 16:44:02.817" endtime="20230614 16:44:03.056"/>
</kw>
<kw name="Log" library="BuiltIn">
<arg>${resposta.json()}</arg>
<doc>Logs the given message with the given level.</doc>
<msg timestamp="20230614 16:44:03.056" level="INFO">{'message': 'Este email já está sendo usado'}</msg>
<status status="PASS" starttime="20230614 16:44:03.056" endtime="20230614 16:44:03.057"/>
</kw>
<if>
<branch type="IF" condition="${resposta.status_code} == 201">
<kw name="Set Test Variable" library="BuiltIn">
<arg>${ID_USUARIO}</arg>
<arg>${resposta.json()["_id"]}</arg>
<doc>Makes a variable available everywhere within the scope of the current test.</doc>
<status status="NOT RUN" starttime="20230614 16:44:03.057" endtime="20230614 16:44:03.057"/>
</kw>
<status status="NOT RUN" starttime="20230614 16:44:03.057" endtime="20230614 16:44:03.057"/>
</branch>
<status status="PASS" starttime="20230614 16:44:03.057" endtime="20230614 16:44:03.057"/>
</if>
<kw name="Set Test Variable" library="BuiltIn">
<arg>${RESPOSTA}</arg>
<arg>${resposta.json()}</arg>
<doc>Makes a variable available everywhere within the scope of the current test.</doc>
<msg timestamp="20230614 16:44:03.057" level="INFO">${RESPOSTA} = {'message': 'Este email já está sendo usado'}</msg>
<status status="PASS" starttime="20230614 16:44:03.057" endtime="20230614 16:44:03.057"/>
</kw>
<status status="PASS" starttime="20230614 16:44:02.815" endtime="20230614 16:44:03.058"/>
</kw>
<status status="PASS" starttime="20230614 16:44:02.814" endtime="20230614 16:44:03.058"/>
</kw>
<kw name="Verificar se a API não permitiu o cadastro repetido" library="api_testing_usuarios">
<kw name="Dictionary Should Contain Item" library="Collections">
<arg>${RESPOSTA}</arg>
<arg>message</arg>
<arg>Este email já está sendo usado</arg>
<doc>An item of ``key`` / ``value`` must be found in a ``dictionary``.</doc>
<status status="PASS" starttime="20230614 16:44:03.058" endtime="20230614 16:44:03.058"/>
</kw>
<status status="PASS" starttime="20230614 16:44:03.058" endtime="20230614 16:44:03.058"/>
</kw>
<status status="PASS" starttime="20230614 16:44:02.560" endtime="20230614 16:44:03.058"/>
</test>
<test id="s1-t3" name="Cenário 03: Consultar os dados de um novo usuário" line="17">
<kw name="Criar um usuário novo" library="api_testing_usuarios">
<kw name="Generate Random String" library="String">
<var>${palavra_aleatoria}</var>
<arg>length=4</arg>
<arg>chars=[LETTERS]</arg>
<doc>Generates a string with a desired ``length`` from the given ``chars``.</doc>
<msg timestamp="20230614 16:44:03.059" level="INFO">${palavra_aleatoria} = zPGa</msg>
<status status="PASS" starttime="20230614 16:44:03.059" endtime="20230614 16:44:03.059"/>
</kw>
<kw name="Convert To Lower Case" library="String">
<var>${palavra_aleatoria}</var>
<arg>${palavra_aleatoria}</arg>
<doc>Converts string to lower case.</doc>
<msg timestamp="20230614 16:44:03.059" level="INFO">${palavra_aleatoria} = zpga</msg>
<status status="PASS" starttime="20230614 16:44:03.059" endtime="20230614 16:44:03.059"/>
</kw>
<kw name="Set Test Variable" library="BuiltIn">
<arg>${EMAIL_TESTE}</arg>
<arg>${palavra_aleatoria}@emailteste.com</arg>
<doc>Makes a variable available everywhere within the scope of the current test.</doc>
<msg timestamp="20230614 16:44:03.060" level="INFO">${EMAIL_TESTE} = zpga@emailteste.com</msg>
<status status="PASS" starttime="20230614 16:44:03.059" endtime="20230614 16:44:03.060"/>
</kw>
<kw name="Log" library="BuiltIn">
<arg>${EMAIL_TESTE}</arg>
<doc>Logs the given message with the given level.</doc>
<msg timestamp="20230614 16:44:03.060" level="INFO">zpga@emailteste.com</msg>
<status status="PASS" starttime="20230614 16:44:03.060" endtime="20230614 16:44:03.060"/>
</kw>
<status status="PASS" starttime="20230614 16:44:03.059" endtime="20230614 16:44:03.060"/>
</kw>
<kw name="Cadastrar o usuário criado na ServeRest" library="api_testing_usuarios">
<arg>email=${EMAIL_TESTE}</arg>
<arg>status_code_desejado=201</arg>
<kw name="Create Dictionary" library="BuiltIn">
<var>${body}</var>
<arg>nome=Fulano da Silva</arg>
<arg>email=${email}</arg>
<arg>password=1234</arg>
<arg>administrador=true</arg>
<doc>Creates and returns a dictionary based on the given ``items``.</doc>
<msg timestamp="20230614 16:44:03.060" level="INFO">${body} = {'nome': 'Fulano da Silva', 'email': 'zpga@emailteste.com', 'password': '1234', 'administrador': 'true'}</msg>
<status status="PASS" starttime="20230614 16:44:03.060" endtime="20230614 16:44:03.060"/>
</kw>
<kw name="Log" library="BuiltIn">
<arg>${body}</arg>
<doc>Logs the given message with the given level.</doc>
<msg timestamp="20230614 16:44:03.060" level="INFO">{'nome': 'Fulano da Silva', 'email': 'zpga@emailteste.com', 'password': '1234', 'administrador': 'true'}</msg>
<status status="PASS" starttime="20230614 16:44:03.060" endtime="20230614 16:44:03.061"/>
</kw>
<kw name="Criar Sessão na ServeRest" library="api_testing_usuarios">
<kw name="Create Dictionary" library="BuiltIn">
<var>${headers}</var>
<arg>accept=application/json</arg>
<arg>Content-Type=application/json</arg>
<doc>Creates and returns a dictionary based on the given ``items``.</doc>
<msg timestamp="20230614 16:44:03.061" level="INFO">${headers} = {'accept': 'application/json', 'Content-Type': 'application/json'}</msg>
<status status="PASS" starttime="20230614 16:44:03.061" endtime="20230614 16:44:03.061"/>
</kw>
<kw name="Create Session" library="RequestsLibrary">
<arg>alias=ServeRest</arg>
<arg>url=https://serverest.dev</arg>
<arg>headers=${headers}</arg>
<doc>Create Session: create a HTTP session to a server</doc>
<msg timestamp="20230614 16:44:03.061" level="INFO">Creating Session using : alias=ServeRest, url=https://serverest.dev, headers={'accept': 'application/json', 'Content-Type': 'application/json'},                     cookies={}, auth=None, timeout=None, proxies=None, verify=False,                     debug=0 </msg>
<status status="PASS" starttime="20230614 16:44:03.061" endtime="20230614 16:44:03.061"/>
</kw>
<status status="PASS" starttime="20230614 16:44:03.061" endtime="20230614 16:44:03.061"/>
</kw>
<kw name="POST On Session" library="RequestsLibrary">
<var>${resposta}</var>
<arg>alias=ServeRest</arg>
<arg>url=/usuarios</arg>
<arg>json=${body}</arg>
<arg>expected_status=${status_code_desejado}</arg>
<doc>Sends a POST request on a previously created HTTP Session.</doc>
<msg timestamp="20230614 16:44:03.298" level="INFO">POST Request : url=https://serverest.dev/usuarios 
 path_url=/usuarios 
 headers={'User-Agent': 'python-requests/2.30.0', 'Accept-Encoding': 'gzip, deflate', 'accept': 'application/json', 'Connection': 'keep-alive', 'Content-Type': 'application/json', 'Content-Length': '104'} 
 body=b'{"nome": "Fulano da Silva", "email": "zpga@emailteste.com", "password": "1234", "administrador": "true"}' 
 </msg>
<msg timestamp="20230614 16:44:03.298" level="INFO">POST Response : url=https://serverest.dev/usuarios 
 status=201, reason=Created 
 headers={'access-control-allow-origin': '*', 'x-dns-prefetch-control': 'off', 'x-frame-options': 'SAMEORIGIN', 'strict-transport-security': 'max-age=15552000; includeSubDomains', 'x-download-options': 'noopen', 'x-content-type-options': 'nosniff', 'x-xss-protection': '1; mode=block', 'x-moesif-transaction-id': 'd1b142a4-7e9c-42e0-ae29-ab09cfb7b8aa', 'content-type': 'application/json; charset=utf-8', 'X-Cloud-Trace-Context': 'f0ba53cf25c3e9241429bed3c7c266f4', 'Date': 'Wed, 14 Jun 2023 15:44:03 GMT', 'Server': 'Google Frontend', 'Content-Length': '82'} 
 body={
    "message": "Cadastro realizado com sucesso",
    "_id": "ZvRQOcd5FdIZLjFL"
} 
 </msg>
<msg timestamp="20230614 16:44:03.298" level="INFO">/Library/Frameworks/Python.framework/Versions/3.11/lib/python3.11/site-packages/urllib3/connectionpool.py:1095: InsecureRequestWarning: Unverified HTTPS request is being made to host 'serverest.dev'. Adding certificate verification is strongly advised. See: https://urllib3.readthedocs.io/en/latest/advanced-usage.html#tls-warnings
  warnings.warn(</msg>
<msg timestamp="20230614 16:44:03.298" level="INFO">${resposta} = &lt;Response [201]&gt;</msg>
<status status="PASS" starttime="20230614 16:44:03.061" endtime="20230614 16:44:03.298"/>
</kw>
<kw name="Log" library="BuiltIn">
<arg>${resposta.json()}</arg>
<doc>Logs the given message with the given level.</doc>
<msg timestamp="20230614 16:44:03.299" level="INFO">{'message': 'Cadastro realizado com sucesso', '_id': 'ZvRQOcd5FdIZLjFL'}</msg>
<status status="PASS" starttime="20230614 16:44:03.298" endtime="20230614 16:44:03.299"/>
</kw>
<if>
<branch type="IF" condition="${resposta.status_code} == 201">
<kw name="Set Test Variable" library="BuiltIn">
<arg>${ID_USUARIO}</arg>
<arg>${resposta.json()["_id"]}</arg>
<doc>Makes a variable available everywhere within the scope of the current test.</doc>
<msg timestamp="20230614 16:44:03.300" level="INFO">${ID_USUARIO} = ZvRQOcd5FdIZLjFL</msg>
<status status="PASS" starttime="20230614 16:44:03.299" endtime="20230614 16:44:03.300"/>
</kw>
<status status="PASS" starttime="20230614 16:44:03.299" endtime="20230614 16:44:03.300"/>
</branch>
<status status="PASS" starttime="20230614 16:44:03.299" endtime="20230614 16:44:03.300"/>
</if>
<kw name="Set Test Variable" library="BuiltIn">
<arg>${RESPOSTA}</arg>
<arg>${resposta.json()}</arg>
<doc>Makes a variable available everywhere within the scope of the current test.</doc>
<msg timestamp="20230614 16:44:03.300" level="INFO">${RESPOSTA} = {'message': 'Cadastro realizado com sucesso', '_id': 'ZvRQOcd5FdIZLjFL'}</msg>
<status status="PASS" starttime="20230614 16:44:03.300" endtime="20230614 16:44:03.300"/>
</kw>
<status status="PASS" starttime="20230614 16:44:03.060" endtime="20230614 16:44:03.300"/>
</kw>
<kw name="Consultar os dados do novo usuário" library="api_testing_usuarios">
<kw name="GET On Session" library="RequestsLibrary">
<var>${resposta_consulta}</var>
<arg>alias=ServeRest</arg>
<arg>url=/usuarios/${ID_USUARIO}</arg>
<arg>expected_status=200</arg>
<doc>Sends a GET request on a previously created HTTP Session.</doc>
<msg timestamp="20230614 16:44:03.457" level="INFO">GET Request : url=https://serverest.dev/usuarios/ZvRQOcd5FdIZLjFL 
 path_url=/usuarios/ZvRQOcd5FdIZLjFL 
 headers={'User-Agent': 'python-requests/2.30.0', 'Accept-Encoding': 'gzip, deflate', 'accept': 'application/json', 'Connection': 'keep-alive', 'Content-Type': 'application/json'} 
 body=None 
 </msg>
<msg timestamp="20230614 16:44:03.458" level="INFO">GET Response : url=https://serverest.dev/usuarios/ZvRQOcd5FdIZLjFL 
 status=200, reason=OK 
 headers={'access-control-allow-origin': '*', 'x-dns-prefetch-control': 'off', 'x-frame-options': 'SAMEORIGIN', 'strict-transport-security': 'max-age=15552000; includeSubDomains', 'x-download-options': 'noopen', 'x-content-type-options': 'nosniff', 'x-xss-protection': '1; mode=block', 'x-moesif-transaction-id': 'd9893661-b8b1-46d1-9eb3-b3aa303b712b', 'content-type': 'application/json; charset=utf-8', 'X-Cloud-Trace-Context': 'b8e5c25f78586c9cc9d29e825f85ae5d', 'Date': 'Wed, 14 Jun 2023 15:44:03 GMT', 'Server': 'Google Frontend', 'Content-Length': '153'} 
 body={
    "nome": "Fulano da Silva",
    "email": "zpga@emailteste.com",
    "password": "1234",
    "administrador": "true",
    "_id": "ZvRQOcd5FdIZLjFL"
} 
 </msg>
<msg timestamp="20230614 16:44:03.458" level="INFO">/Library/Frameworks/Python.framework/Versions/3.11/lib/python3.11/site-packages/urllib3/connectionpool.py:1095: InsecureRequestWarning: Unverified HTTPS request is being made to host 'serverest.dev'. Adding certificate verification is strongly advised. See: https://urllib3.readthedocs.io/en/latest/advanced-usage.html#tls-warnings
  warnings.warn(</msg>
<msg timestamp="20230614 16:44:03.458" level="INFO">${resposta_consulta} = &lt;Response [200]&gt;</msg>
<status status="PASS" starttime="20230614 16:44:03.300" endtime="20230614 16:44:03.458"/>
</kw>
<kw name="Log" library="BuiltIn">
<arg>${resposta_consulta.status_code}</arg>
<doc>Logs the given message with the given level.</doc>
<msg timestamp="20230614 16:44:03.459" level="INFO">200</msg>
<status status="PASS" starttime="20230614 16:44:03.458" endtime="20230614 16:44:03.459"/>
</kw>
<kw name="Log" library="BuiltIn">
<arg>${resposta_consulta.reason}</arg>
<doc>Logs the given message with the given level.</doc>
<msg timestamp="20230614 16:44:03.460" level="INFO">OK</msg>
<status status="PASS" starttime="20230614 16:44:03.459" endtime="20230614 16:44:03.460"/>
</kw>
<kw name="Log" library="BuiltIn">
<arg>${resposta_consulta.headers}</arg>
<doc>Logs the given message with the given level.</doc>
<msg timestamp="20230614 16:44:03.460" level="INFO">{'access-control-allow-origin': '*', 'x-dns-prefetch-control': 'off', 'x-frame-options': 'SAMEORIGIN', 'strict-transport-security': 'max-age=15552000; includeSubDomains', 'x-download-options': 'noopen', 'x-content-type-options': 'nosniff', 'x-xss-protection': '1; mode=block', 'x-moesif-transaction-id': 'd9893661-b8b1-46d1-9eb3-b3aa303b712b', 'content-type': 'application/json; charset=utf-8', 'X-Cloud-Trace-Context': 'b8e5c25f78586c9cc9d29e825f85ae5d', 'Date': 'Wed, 14 Jun 2023 15:44:03 GMT', 'Server': 'Google Frontend', 'Content-Length': '153'}</msg>
<status status="PASS" starttime="20230614 16:44:03.460" endtime="20230614 16:44:03.460"/>
</kw>
<kw name="Log" library="BuiltIn">
<arg>${resposta_consulta.elapsed}</arg>
<doc>Logs the given message with the given level.</doc>
<msg timestamp="20230614 16:44:03.461" level="INFO">0:00:00.155393</msg>
<status status="PASS" starttime="20230614 16:44:03.460" endtime="20230614 16:44:03.461"/>
</kw>
<kw name="Log" library="BuiltIn">
<arg>${resposta_consulta.text}</arg>
<doc>Logs the given message with the given level.</doc>
<msg timestamp="20230614 16:44:03.461" level="INFO">{
    "nome": "Fulano da Silva",
    "email": "zpga@emailteste.com",
    "password": "1234",
    "administrador": "true",
    "_id": "ZvRQOcd5FdIZLjFL"
}</msg>
<status status="PASS" starttime="20230614 16:44:03.461" endtime="20230614 16:44:03.461"/>
</kw>
<kw name="Log" library="BuiltIn">
<arg>${resposta_consulta.json()}</arg>
<doc>Logs the given message with the given level.</doc>
<msg timestamp="20230614 16:44:03.462" level="INFO">{'nome': 'Fulano da Silva', 'email': 'zpga@emailteste.com', 'password': '1234', 'administrador': 'true', '_id': 'ZvRQOcd5FdIZLjFL'}</msg>
<status status="PASS" starttime="20230614 16:44:03.461" endtime="20230614 16:44:03.462"/>
</kw>
<kw name="Set Test Variable" library="BuiltIn">
<arg>${RESP_CONSULTA}</arg>
<arg>${resposta_consulta.json()}</arg>
<doc>Makes a variable available everywhere within the scope of the current test.</doc>
<msg timestamp="20230614 16:44:03.463" level="INFO">${RESP_CONSULTA} = {'nome': 'Fulano da Silva', 'email': 'zpga@emailteste.com', 'password': '1234', 'administrador': 'true', '_id': 'ZvRQOcd5FdIZLjFL'}</msg>
<status status="PASS" starttime="20230614 16:44:03.462" endtime="20230614 16:44:03.463"/>
</kw>
<status status="PASS" starttime="20230614 16:44:03.300" endtime="20230614 16:44:03.464"/>
</kw>
<kw name="Conferir os dados retornados" library="api_testing_usuarios">
<kw name="Log" library="BuiltIn">
<arg>${RESP_CONSULTA}</arg>
<doc>Logs the given message with the given level.</doc>
<msg timestamp="20230614 16:44:03.464" level="INFO">{'nome': 'Fulano da Silva', 'email': 'zpga@emailteste.com', 'password': '1234', 'administrador': 'true', '_id': 'ZvRQOcd5FdIZLjFL'}</msg>
<status status="PASS" starttime="20230614 16:44:03.464" endtime="20230614 16:44:03.464"/>
</kw>
<kw name="Dictionary Should Contain Item" library="Collections">
<arg>${RESP_CONSULTA}</arg>
<arg>nome</arg>
<arg>Fulano da Silva</arg>
<doc>An item of ``key`` / ``value`` must be found in a ``dictionary``.</doc>
<status status="PASS" starttime="20230614 16:44:03.464" endtime="20230614 16:44:03.464"/>
</kw>
<kw name="Dictionary Should Contain Item" library="Collections">
<arg>${RESP_CONSULTA}</arg>
<arg>email</arg>
<arg>${EMAIL_TESTE}</arg>
<doc>An item of ``key`` / ``value`` must be found in a ``dictionary``.</doc>
<status status="PASS" starttime="20230614 16:44:03.464" endtime="20230614 16:44:03.465"/>
</kw>
<kw name="Dictionary Should Contain Item" library="Collections">
<arg>${RESP_CONSULTA}</arg>
<arg>password</arg>
<arg>1234</arg>
<doc>An item of ``key`` / ``value`` must be found in a ``dictionary``.</doc>
<status status="PASS" starttime="20230614 16:44:03.465" endtime="20230614 16:44:03.465"/>
</kw>
<kw name="Dictionary Should Contain Item" library="Collections">
<arg>${RESP_CONSULTA}</arg>
<arg>administrador</arg>
<arg>true</arg>
<doc>An item of ``key`` / ``value`` must be found in a ``dictionary``.</doc>
<status status="PASS" starttime="20230614 16:44:03.465" endtime="20230614 16:44:03.465"/>
</kw>
<kw name="Dictionary Should Contain Item" library="Collections">
<arg>${RESP_CONSULTA}</arg>
<arg>_id</arg>
<arg>${ID_USUARIO}</arg>
<doc>An item of ``key`` / ``value`` must be found in a ``dictionary``.</doc>
<status status="PASS" starttime="20230614 16:44:03.465" endtime="20230614 16:44:03.465"/>
</kw>
<status status="PASS" starttime="20230614 16:44:03.464" endtime="20230614 16:44:03.465"/>
</kw>
<status status="PASS" starttime="20230614 16:44:03.058" endtime="20230614 16:44:03.465"/>
</test>
<status status="PASS" starttime="20230614 16:44:02.100" endtime="20230614 16:44:03.466"/>
</suite>
<statistics>
<total>
<stat pass="3" fail="0" skip="0">All Tests</stat>
</total>
<tag>
</tag>
<suite>
<stat pass="3" fail="0" skip="0" id="s1" name="Api Testing Usuarios">Api Testing Usuarios</stat>
</suite>
</statistics>
<errors>
</errors>
</robot>
