<?xml version="1.0" encoding="UTF-8"?>
<robot generator="Robot 5.0.1 (Python 3.9.13 on darwin)" generated="20220613 16:05:34.022" rpa="false" schemaversion="3">
<suite id="s1" name="Amazon Testes Gherkin Bdd" source="/Users/josephsantos/projetos/CursoUdemy/robotframework/WebTesting/amazon_testes_gherkin_bdd.robot">
<test id="s1-t1" name="Caso de Teste 02 - Pesquisa de um Produto" line="21">
<kw name="Abrir o navegador" library="amazon_resources" type="SETUP">
<kw name="Open Browser" library="SeleniumLibrary">
<arg>browser=${BROWSER}</arg>
<doc>Opens a new browser instance to the optional ``url``.</doc>
<msg timestamp="20220613 16:05:34.606" level="INFO">Opening browser 'chrome' to base url 'None'.</msg>
<status status="PASS" starttime="20220613 16:05:34.604" endtime="20220613 16:05:41.303"/>
</kw>
<kw name="Maximize Browser Window" library="SeleniumLibrary">
<doc>Maximizes current browser window.</doc>
<status status="PASS" starttime="20220613 16:05:41.304" endtime="20220613 16:05:41.487"/>
</kw>
<kw name="Maximize Browser Window" library="SeleniumLibrary">
<doc>Maximizes current browser window.</doc>
<status status="PASS" starttime="20220613 16:05:41.488" endtime="20220613 16:05:41.654"/>
</kw>
<status status="PASS" starttime="20220613 16:05:34.603" endtime="20220613 16:05:41.655"/>
</kw>
<kw name="Dado que estou na home page da Amazon.com.br" library="amazon_resources">
<kw name="Acessar a home page do site Amazon.com.br" library="amazon_resources">
<kw name="Go To" library="SeleniumLibrary">
<arg>url=${URL}</arg>
<doc>Navigates the current browser window to the provided ``url``.</doc>
<msg timestamp="20220613 16:05:41.661" level="INFO">Opening url 'http://www.amazon.com.br'</msg>
<status status="PASS" starttime="20220613 16:05:41.660" endtime="20220613 16:05:48.551"/>
</kw>
<kw name="Wait Until Element Is Visible" library="SeleniumLibrary">
<arg>locator=${MENU_ELETRONICOS}</arg>
<doc>Waits until the element ``locator`` is visible.</doc>
<status status="PASS" starttime="20220613 16:05:48.552" endtime="20220613 16:05:50.720"/>
</kw>
<status status="PASS" starttime="20220613 16:05:41.658" endtime="20220613 16:05:50.721"/>
</kw>
<kw name="Verificar se o título da página fica &quot;Amazon.com.br | Tudo pra você, de A a Z.&quot;" library="amazon_resources" sourcename="Verificar se o título da página fica &quot;${TITULO}&quot;">
<kw name="Title Should Be" library="SeleniumLibrary">
<arg>title=${TITULO}</arg>
<doc>Verifies that the current page title equals ``title``.</doc>
<msg timestamp="20220613 16:05:50.990" level="INFO">Page title is 'Amazon.com.br | Tudo pra você, de A a Z.'.</msg>
<status status="PASS" starttime="20220613 16:05:50.723" endtime="20220613 16:05:50.990"/>
</kw>
<status status="PASS" starttime="20220613 16:05:50.722" endtime="20220613 16:05:50.991"/>
</kw>
<status status="PASS" starttime="20220613 16:05:41.657" endtime="20220613 16:05:50.991"/>
</kw>
<kw name="Quando pesquisar pelo produto &quot;Xbox Series S&quot;" library="amazon_resources">
<kw name="Digitar o nome de produto &quot;Xbox Series S&quot; no campo de pesquisa" library="amazon_resources" sourcename="Digitar o nome de produto &quot;${PRODUTO}&quot; no campo de pesquisa">
<kw name="Input Text" library="SeleniumLibrary">
<arg>locator=twotabsearchtextbox</arg>
<arg>text=${PRODUTO}</arg>
<doc>Types the given ``text`` into the text field identified by ``locator``.</doc>
<msg timestamp="20220613 16:05:50.998" level="INFO">Typing text 'Xbox Series S' into text field 'twotabsearchtextbox'.</msg>
<status status="PASS" starttime="20220613 16:05:50.996" endtime="20220613 16:05:53.309"/>
</kw>
<status status="PASS" starttime="20220613 16:05:50.994" endtime="20220613 16:05:53.310"/>
</kw>
<kw name="Clicar no botão de pesquisa" library="amazon_resources">
<kw name="Click Element" library="SeleniumLibrary">
<arg>locator=nav-search-submit-button</arg>
<doc>Click the element identified by ``locator``.</doc>
<msg timestamp="20220613 16:05:53.313" level="INFO">Clicking element 'nav-search-submit-button'.</msg>
<status status="PASS" starttime="20220613 16:05:53.312" endtime="20220613 16:06:05.854"/>
</kw>
<status status="PASS" starttime="20220613 16:05:53.310" endtime="20220613 16:06:05.855"/>
</kw>
<status status="PASS" starttime="20220613 16:05:50.992" endtime="20220613 16:06:05.855"/>
</kw>
<kw name="Então o título da página deve ficar &quot;Amazon.com.br : Xbox Series S&quot;" library="amazon_resources">
<kw name="Verificar se o título da página fica &quot;Amazon.com.br : Xbox Series S&quot;" library="amazon_resources" sourcename="Verificar se o título da página fica &quot;${TITULO}&quot;">
<kw name="Title Should Be" library="SeleniumLibrary">
<arg>title=${TITULO}</arg>
<doc>Verifies that the current page title equals ``title``.</doc>
<msg timestamp="20220613 16:06:06.130" level="INFO">Page title is 'Amazon.com.br : Xbox Series S'.</msg>
<status status="PASS" starttime="20220613 16:06:05.861" endtime="20220613 16:06:06.130"/>
</kw>
<status status="PASS" starttime="20220613 16:06:05.859" endtime="20220613 16:06:06.131"/>
</kw>
<status status="PASS" starttime="20220613 16:06:05.856" endtime="20220613 16:06:06.131"/>
</kw>
<kw name="E um produto da linha &quot;Xbox Series S&quot; deve ser mostrado na página" library="amazon_resources">
<kw name="Verificar o resultado da pesquisa se está listando o produto &quot;Console Xbox Series S&quot;" library="amazon_resources" sourcename="Verificar o resultado da pesquisa se está listando o produto &quot;${PRODUTO}&quot;">
<kw name="Wait Until Element Is Visible" library="SeleniumLibrary">
<arg>locator=(//span[contains(.,'${PRODUTO}')])[3]</arg>
<doc>Waits until the element ``locator`` is visible.</doc>
<status status="PASS" starttime="20220613 16:06:06.139" endtime="20220613 16:06:06.599"/>
</kw>
<status status="PASS" starttime="20220613 16:06:06.137" endtime="20220613 16:06:06.599"/>
</kw>
<status status="PASS" starttime="20220613 16:06:06.132" endtime="20220613 16:06:06.600"/>
</kw>
<kw name="Fechar o navegador" library="amazon_resources" type="TEARDOWN">
<kw name="Capture Page Screenshot" library="SeleniumLibrary">
<doc>Takes a screenshot of the current page and embeds it into a log file.</doc>
<msg timestamp="20220613 16:06:07.777" level="INFO" html="true">&lt;/td&gt;&lt;/tr&gt;&lt;tr&gt;&lt;td colspan="3"&gt;&lt;a href="selenium-screenshot-9.png"&gt;&lt;img src="selenium-screenshot-9.png" width="800px"&gt;&lt;/a&gt;</msg>
<status status="PASS" starttime="20220613 16:06:06.602" endtime="20220613 16:06:07.777"/>
</kw>
<kw name="Close Browser" library="SeleniumLibrary">
<doc>Closes the current browser.</doc>
<status status="PASS" starttime="20220613 16:06:07.777" endtime="20220613 16:06:08.626"/>
</kw>
<status status="PASS" starttime="20220613 16:06:06.601" endtime="20220613 16:06:08.627"/>
</kw>
<doc>Esse teste verifica a busca de um produto</doc>
<tag>busca_produtos</tag>
<tag>lista_busca</tag>
<status status="PASS" starttime="20220613 16:05:34.597" endtime="20220613 16:06:08.628"/>
</test>
<doc>Essa suíte testa o site da Amazon.com.br</doc>
<status status="PASS" starttime="20220613 16:05:34.025" endtime="20220613 16:06:08.632"/>
</suite>
<statistics>
<total>
<stat pass="1" fail="0" skip="0">All Tests</stat>
</total>
<tag>
<stat pass="1" fail="0" skip="0">busca_produtos</stat>
<stat pass="1" fail="0" skip="0">lista_busca</stat>
</tag>
<suite>
<stat pass="1" fail="0" skip="0" id="s1" name="Amazon Testes Gherkin Bdd">Amazon Testes Gherkin Bdd</stat>
</suite>
</statistics>
<errors>
</errors>
</robot>
